<?xml version="1.0" encoding="utf-8"?><testsuites name="pytest tests"><testsuite name="pytest" errors="3" failures="1" skipped="0" tests="35" time="4.590" timestamp="2026-07-16T13:02:48.671057+00:00" hostname="agent-env-d789302f-2103-4b8d-a283-049b6e04d0b9"><testcase classname="tests.test_sems_phase2.TestAnalytics" name="test_bugs_summary" time="0.762" /><testcase classname="tests.test_sems_phase2.TestPagination" name="test_paginated_shape[/users]" time="0.867" /><testcase classname="tests.test_sems_phase2.TestAnalytics" name="test_bugs_timeline" time="0.054" /><testcase classname="tests.test_sems_phase2.TestAnalytics" name="test_bugs_top[user]" time="0.108" /><testcase classname="tests.test_sems_phase2.TestPagination" name="test_paginated_shape[/projects]" time="0.060" /><testcase classname="tests.test_sems_phase2.TestAnalytics" name="test_bugs_top[team]" time="0.057" /><testcase classname="tests.test_sems_phase2.TestPagination" name="test_paginated_shape[/teams]" time="0.059" /><testcase classname="tests.test_sems_phase2.TestAnalytics" name="test_bugs_top[project]" time="0.065" /><testcase classname="tests.test_sems_phase2.TestPagination" name="test_paginated_shape[/tasks]" time="0.060" /><testcase classname="tests.test_sems_phase2.TestPagination" name="test_paginated_shape[/bugs]" time="0.057" /><testcase classname="tests.test_sems_phase2.TestAnalytics" name="test_delays" time="0.106" /><testcase classname="tests.test_sems_phase2.TestPagination" name="test_paginated_shape[/timelogs]" time="0.070" /><testcase classname="tests.test_sems_phase2.TestAllEndpoints" name="test_all[/users/all]" time="0.069" /><testcase classname="tests.test_sems_phase2.TestPagination" name="test_paginated_shape[/notifications]" time="0.082" /><testcase classname="tests.test_sems_phase2.TestAllEndpoints" name="test_all[/teams/all]" time="0.092" /><testcase classname="tests.test_sems_phase2.TestPagination" name="test_paginated_shape[/me/tasks]" time="0.067" /><testcase classname="tests.test_sems_phase2.TestAllEndpoints" name="test_all[/projects/all]" time="0.058" /><testcase classname="tests.test_sems_phase2.TestPagination" name="test_paginated_shape[/me/projects]" time="0.109" /><testcase classname="tests.test_sems_phase2.TestPagination" name="test_paginated_shape[/me/bugs]" time="0.063" /><testcase classname="tests.test_sems_phase2.TestPagination" name="test_users_filter" time="0.253" /><testcase classname="tests.test_sems_phase2.TestPagination" name="test_users_search_q" time="0.059" /><testcase classname="tests.test_sems_phase2.TestMyWork" name="test_me_tasks" time="0.522" /><testcase classname="tests.test_sems_phase2.TestMyWork" name="test_me_projects" time="0.101" /><testcase classname="tests.test_sems_phase2.TestMyWork" name="test_me_bugs" time="0.110" /><testcase classname="tests.test_sems_phase2.TestTaskActivity" name="test_estimated_hours_stored" time="0.173"><error message="failed on setup with &quot;AssertionError: create task 400 {&quot;detail&quot;:&quot;Invalid status&quot;}&#10;assert 400 in (200, 201)&#10; +  where 400 = &lt;Response [400]&gt;.status_code&quot;">backend/tests/test_sems_phase2.py:137: in task_ctx
    assert r.status_code in (200, 201), f"create task {r.status_code} {r.text}"
E   AssertionError: create task 400 {"detail":"Invalid status"}
E   assert 400 in (200, 201)
E    +  where 400 = &lt;Response [400]&gt;.status_code</error></testcase><testcase classname="tests.test_sems_phase2.TestTaskActivity" name="test_deadline_changes_and_status" time="0.000"><error message="failed on setup with &quot;AssertionError: create task 400 {&quot;detail&quot;:&quot;Invalid status&quot;}&#10;assert 400 in (200, 201)&#10; +  where 400 = &lt;Response [400]&gt;.status_code&quot;">backend/tests/test_sems_phase2.py:137: in task_ctx
    assert r.status_code in (200, 201), f"create task {r.status_code} {r.text}"
E   AssertionError: create task 400 {"detail":"Invalid status"}
E   assert 400 in (200, 201)
E    +  where 400 = &lt;Response [400]&gt;.status_code</error></testcase><testcase classname="tests.test_sems_phase2.TestTaskActivity" name="test_estimate_changed_activity" time="0.000"><error message="failed on setup with &quot;AssertionError: create task 400 {&quot;detail&quot;:&quot;Invalid status&quot;}&#10;assert 400 in (200, 201)&#10; +  where 400 = &lt;Response [400]&gt;.status_code&quot;">backend/tests/test_sems_phase2.py:137: in task_ctx
    assert r.status_code in (200, 201), f"create task {r.status_code} {r.text}"
E   AssertionError: create task 400 {"detail":"Invalid status"}
E   assert 400 in (200, 201)
E    +  where 400 = &lt;Response [400]&gt;.status_code</error></testcase><testcase classname="tests.test_sems_phase2.TestAuth" name="test_admin_login_and_me" time="0.522" /><testcase classname="tests.test_sems_phase2.TestRoles" name="test_meta_modules" time="0.051"><failure message="AssertionError: assert (False)&#10; +  where False = isinstance({'modules': [{'key': 'dashboard', 'label': 'Dashboard', 'actions': ['read']}, {'key': 'user', 'label': 'User Management', 'actions': ['create', 'read', 'update', 'delete']}, {'key': 'role', 'label': 'Role Management', 'actions': ['create', 'read', 'update', 'delete']}, {'key': 'team', 'label': 'Team Management', 'actions': ['create', 'read', 'update', 'delete']}, {'key': 'project', 'label': 'Project Management', 'actions': ['create', 'read', 'update', 'delete']}, {'key': 'task', 'label': 'Task Management', 'actions': ['create', 'read', 'update', 'delete', 'assign']}, ...]}, list)">backend/tests/test_sems_phase2.py:238: in test_meta_modules
    assert isinstance(mods, list) and len(mods) &gt;= 5
E   AssertionError: assert (False)
E    +  where False = isinstance({'modules': [{'key': 'dashboard', 'label': 'Dashboard', 'actions': ['read']}, {'key': 'user', 'label': 'User Management', 'actions': ['create', 'read', 'update', 'delete']}, {'key': 'role', 'label': 'Role Management', 'actions': ['create', 'read', 'update', 'delete']}, {'key': 'team', 'label': 'Team Management', 'actions': ['create', 'read', 'update', 'delete']}, {'key': 'project', 'label': 'Project Management', 'actions': ['create', 'read', 'update', 'delete']}, {'key': 'task', 'label': 'Task Management', 'actions': ['create', 'read', 'update', 'delete', 'assign']}, ...]}, list)</failure></testcase><testcase classname="tests.test_sems_phase2.TestRoles" name="test_roles_list" time="0.225" /><testcase classname="tests.test_sems_phase2.TestRoles" name="test_update_viewer_role" time="1.044" /><testcase classname="tests.test_sems_phase2.TestAuth" name="test_dev_login" time="0.559" /><testcase classname="tests.test_sems_phase2.TestRBACNegative" name="test_dev_cannot_create_user" time="0.475" /><testcase classname="tests.test_sems_phase2.TestRBACNegative" name="test_dev_cannot_edit_admin_role" time="0.051" /><testcase classname="tests.test_sems_phase2.TestBugActivity" name="test_resolve_reopen_reassign" time="0.560" /></testsuite></testsuites>